<?xml version="1.0" encoding="UTF-8"?>
<!-- Generated by org.testng.reporters.JUnitXMLReporter -->
<testsuite ignored="0" hostname="DESKTOP-OB8BAPB" failures="4" tests="4" name="Valid Positive Test Cases" time="98.313" errors="0" timestamp="2023-09-13T11:26:08 IST">
  <testcase classname="com.BestBuy.test.NegativeTc_ItemsAddedToCart" name="ItemsAddedCartTestWithInvalidCredentials" time="25.072">
    <failure type="java.lang.AssertionError" message="expected [true] but found [false]">
      <![CDATA[java.lang.AssertionError: expected [true] but found [false]
at com.BestBuy.test.NegativeTc_ItemsAddedToCart.ItemsAddedCartTestWithInvalidCredentials(NegativeTc_ItemsAddedToCart.java:74)
at java.base/java.util.ArrayList.forEach(ArrayList.java:1511)
... Removed 31 stack frames]]>
    </failure>
  </testcase> <!-- ItemsAddedCartTestWithInvalidCredentials -->
  <testcase classname="com.BestBuy.test.NegativeTc_ItemsAddedToCart" name="ItemsAddedCartTestWithInvalidCredentials" time="25.526">
    <failure type="java.lang.AssertionError" message="expected [true] but found [false]">
      <![CDATA[java.lang.AssertionError: expected [true] but found [false]
at com.BestBuy.test.NegativeTc_ItemsAddedToCart.ItemsAddedCartTestWithInvalidCredentials(NegativeTc_ItemsAddedToCart.java:74)
at java.base/java.util.ArrayList.forEach(ArrayList.java:1511)
... Removed 31 stack frames]]>
    </failure>
  </testcase> <!-- ItemsAddedCartTestWithInvalidCredentials -->
  <testcase classname="com.BestBuy.test.NegativeTc_ItemsAddedToCart" name="ItemsAddedCartTestWithInvalidCredentials" time="20.373">
    <failure type="java.lang.AssertionError" message="expected [true] but found [false]">
      <![CDATA[java.lang.AssertionError: expected [true] but found [false]
at com.BestBuy.test.NegativeTc_ItemsAddedToCart.ItemsAddedCartTestWithInvalidCredentials(NegativeTc_ItemsAddedToCart.java:74)
at java.base/java.util.ArrayList.forEach(ArrayList.java:1511)
... Removed 31 stack frames]]>
    </failure>
  </testcase> <!-- ItemsAddedCartTestWithInvalidCredentials -->
  <testcase classname="com.BestBuy.test.NegativeTc_ItemsAddedToCart" name="ItemsAddedCartTestWithInvalidCredentials" time="24.721">
    <failure type="java.lang.AssertionError" message="expected [true] but found [false]">
      <![CDATA[java.lang.AssertionError: expected [true] but found [false]
at com.BestBuy.test.NegativeTc_ItemsAddedToCart.ItemsAddedCartTestWithInvalidCredentials(NegativeTc_ItemsAddedToCart.java:74)
at java.base/java.util.ArrayList.forEach(ArrayList.java:1511)
... Removed 31 stack frames]]>
    </failure>
  </testcase> <!-- ItemsAddedCartTestWithInvalidCredentials -->
</testsuite> <!-- Valid Positive Test Cases -->
