<!DOCTYPE html PUBLIC "-//W3C//DTD XHTML 1.1//EN" "https://www.w3.org/TR/xhtml11/DTD/xhtml11.dtd">
<html xmlns="https://www.w3.org/1999/xhtml">
<head>
<meta http-equiv="content-type" content="text/html; charset=UTF-8"/>
<title>TestNG Report</title>
<style type="text/css">table {margin-bottom:10px;border-collapse:collapse;empty-cells:show}th,td {border:1px solid #009;padding:.25em .5em}th {vertical-align:bottom}td {vertical-align:top}table a {font-weight:bold}.stripe td {background-color: #E6EBF9}.num {text-align:right}.passedodd td {background-color: #3F3}.passedeven td {background-color: #0A0}.skippedodd td {background-color: #DDD}.skippedeven td {background-color: #CCC}.failedodd td,.attn {background-color: #F33}.failedeven td,.stripe .attn {background-color: #D00}.stacktrace {white-space:pre;font-family:monospace}.totop {font-size:85%;text-align:center;border-bottom:2px solid #000}.invisible {display:none}</style>
</head>
<body>
<table>
<tr><th>Test</th><th># Passed</th><th># Skipped</th><th># Retried</th><th># Failed</th><th>Time (ms)</th><th>Included Groups</th><th>Excluded Groups</th></tr>
<tr><th colspan="8">Bestbuy</th></tr>
<tr><td><a href="#t0">Valid Positive Test Cases</a></td><td class="num">0</td><td class="num">0</td><td class="num">0</td><td class="num attn">4</td><td class="num">98,313</td><td></td><td></td></tr>
</table>
<table id='summary'><thead><tr><th>Class</th><th>Method</th><th>Start</th><th>Time (ms)</th></tr></thead><tbody><tr><th colspan="4">Bestbuy</th></tr></tbody><tbody id="t0"><tr><th colspan="4">Valid Positive Test Cases &#8212; failed</th></tr><tr class="failedeven"><td rowspan="4">com.BestBuy.test.NegativeTc_ItemsAddedToCart</td><td><a href="#m0">ItemsAddedCartTestWithInvalidCredentials</a></td><td rowspan="4">1694584543099</td><td rowspan="4">24721</td></tr><tr class="failedeven"><td><a href="#m1">ItemsAddedCartTestWithInvalidCredentials</a></td></tr><tr class="failedeven"><td><a href="#m2">ItemsAddedCartTestWithInvalidCredentials</a></td></tr><tr class="failedeven"><td><a href="#m3">ItemsAddedCartTestWithInvalidCredentials</a></td></tr></tbody>
</table>
<h2>Valid Positive Test Cases</h2><h3 id="m0">com.BestBuy.test.NegativeTc_ItemsAddedToCart#ItemsAddedCartTestWithInvalidCredentials</h3><table class="result"><tr class="param"><th>Parameter #1</th></tr><tr class="param stripe"><td>hji0&amp;</td></tr><tr><th>Exception</th></tr><tr><td><div class="stacktrace">java.lang.AssertionError: expected [true] but found [false]
	at com.BestBuy.test.NegativeTc_ItemsAddedToCart.ItemsAddedCartTestWithInvalidCredentials(NegativeTc_ItemsAddedToCart.java:74)
	at java.base/java.util.ArrayList.forEach(ArrayList.java:1511)
... Removed 31 stack frames</div></td></tr></table><p class="totop"><a href="#summary">back to summary</a></p>
<h3 id="m1">com.BestBuy.test.NegativeTc_ItemsAddedToCart#ItemsAddedCartTestWithInvalidCredentials</h3><table class="result"><tr class="param"><th>Parameter #1</th></tr><tr class="param stripe"><td>u78%</td></tr><tr><th>Exception</th></tr><tr><td><div class="stacktrace">java.lang.AssertionError: expected [true] but found [false]
	at com.BestBuy.test.NegativeTc_ItemsAddedToCart.ItemsAddedCartTestWithInvalidCredentials(NegativeTc_ItemsAddedToCart.java:74)
	at java.base/java.util.ArrayList.forEach(ArrayList.java:1511)
... Removed 31 stack frames</div></td></tr></table><p class="totop"><a href="#summary">back to summary</a></p>
<h3 id="m2">com.BestBuy.test.NegativeTc_ItemsAddedToCart#ItemsAddedCartTestWithInvalidCredentials</h3><table class="result"><tr class="param"><th>Parameter #1</th></tr><tr class="param stripe"><td>&quot;&quot;</td></tr><tr><th>Exception</th></tr><tr><td><div class="stacktrace">java.lang.AssertionError: expected [true] but found [false]
	at com.BestBuy.test.NegativeTc_ItemsAddedToCart.ItemsAddedCartTestWithInvalidCredentials(NegativeTc_ItemsAddedToCart.java:74)
	at java.base/java.util.ArrayList.forEach(ArrayList.java:1511)
... Removed 31 stack frames</div></td></tr></table><p class="totop"><a href="#summary">back to summary</a></p>
<h3 id="m3">com.BestBuy.test.NegativeTc_ItemsAddedToCart#ItemsAddedCartTestWithInvalidCredentials</h3><table class="result"><tr class="param"><th>Parameter #1</th></tr><tr class="param stripe"><td>k1235</td></tr><tr><th>Exception</th></tr><tr><td><div class="stacktrace">java.lang.AssertionError: expected [true] but found [false]
	at com.BestBuy.test.NegativeTc_ItemsAddedToCart.ItemsAddedCartTestWithInvalidCredentials(NegativeTc_ItemsAddedToCart.java:74)
	at java.base/java.util.ArrayList.forEach(ArrayList.java:1511)
... Removed 31 stack frames</div></td></tr></table><p class="totop"><a href="#summary">back to summary</a></p>
</body>
</html>
